STEP to UG
! INFO-     NX STEP AP214 - V2506.3001
! INFO-      
! INFO-     Start of Translation: 16-JUN-2026  4:22:11 PM
! INFO-      
! STATUS-   Converting Part: C:\Users\yevhe\Desktop\TestMethod\test\LMD17S13WF15-120.stp
! SUMMARY-   
! SUMMARY-    STEP Header Information
! SUMMARY-   
! SUMMARY-  Description      Unknown
! SUMMARY-  Imp_Level        2;1
! SUMMARY-  File_Name        PDM42E234-12_7-1_5-120-001_ASM
! SUMMARY-  Date             2023-11-24T09:31:29
! SUMMARY-  Author           Administrator
! SUMMARY-  Organization     Unknown
! SUMMARY-  Pre_Version      CREO PARAMETRIC BY PTC INC, 2018100
! SUMMARY-  Orig_System      CREO PARAMETRIC BY PTC INC, 2018100
! SUMMARY-  Authorization    Unknown
! SUMMARY-  Schema_ID        config_control_design
! SUMMARY-   
! SUMMARY-    Summary of STEP Entities
! SUMMARY-   
! SUMMARY-  Entity Type                                                   Count
! SUMMARY-  -----------                                                   ------
! SUMMARY-  advanced_brep_shape_representation .........................:     11
! SUMMARY-  advanced_face ..............................................:   1736
! SUMMARY-  application_context ........................................:      1
! SUMMARY-  approval ...................................................:      1
! SUMMARY-  approval_status ............................................:      1
! SUMMARY-  axis2_placement_3d .........................................:   3154
! SUMMARY-  b_spline_curve_with_knots ..................................:    735
! SUMMARY-  b_spline_surface_with_knots ................................:    109
! SUMMARY-  b_spline_surface_with_knots_and_rational_b_spline_surface ..:      4
! SUMMARY-  brep_with_voids ............................................:      1
! SUMMARY-  calendar_date ..............................................:      1
! SUMMARY-  cartesian_point ............................................:  95810
! SUMMARY-  circle .....................................................:   1419
! SUMMARY-  closed_shell ...............................................:     36
! SUMMARY-  conical_surface ............................................:    129
! SUMMARY-  context_dependent_shape_representation .....................:     49
! SUMMARY-  conversion_based_unit_and_plane_angle_unit .................:     28
! SUMMARY-  coordinated_universal_time_offset ..........................:      1
! SUMMARY-  cylindrical_surface ........................................:    774
! SUMMARY-  date_and_time ..............................................:      1
! SUMMARY-  direction ..................................................:   8578
! SUMMARY-  edge_curve .................................................:   4424
! SUMMARY-  edge_loop ..................................................:   1988
! SUMMARY-  face_bound .................................................:    252
! SUMMARY-  face_outer_bound ...........................................:   1736
! SUMMARY-  geometric_representation_context_and_global_uncertainty_a ..:     28
! SUMMARY-  item_defined_transformation ................................:     49
! SUMMARY-  length_unit_and_si_unit ....................................:     28
! SUMMARY-  line .......................................................:   2270
! SUMMARY-  local_time .................................................:      1
! SUMMARY-  manifold_solid_brep ........................................:     33
! SUMMARY-  next_assembly_usage_occurrence .............................:     49
! SUMMARY-  open_shell .................................................:     37
! SUMMARY-  organization ...............................................:      1
! SUMMARY-  oriented_closed_shell ......................................:      2
! SUMMARY-  oriented_edge ..............................................:   8698
! SUMMARY-  person .....................................................:      1
! SUMMARY-  person_and_organization ....................................:      1
! SUMMARY-  plane ......................................................:    660
! SUMMARY-  plane_angle_measure_with_unit ..............................:     28
! SUMMARY-  plane_angle_unit_and_si_unit ...............................:     28
! SUMMARY-  product ....................................................:     28
! SUMMARY-  product_category ...........................................:      2
! SUMMARY-  product_context ............................................:     28
! SUMMARY-  product_definition .........................................:     28
! SUMMARY-  product_definition_context .................................:     14
! SUMMARY-  product_definition_formation_with_specified_source .........:     28
! SUMMARY-  product_definition_shape ...................................:     77
! SUMMARY-  product_related_product_category ...........................:      2
! SUMMARY-  representation_relationship_with_transformation_and_shape ..:     49
! SUMMARY-  shape_representation .......................................:     17
! SUMMARY-  shell_based_surface_model ..................................:     14
! SUMMARY-  si_unit_and_solid_angle_unit ...............................:     28
! SUMMARY-  spherical_surface ..........................................:     24
! SUMMARY-  toroidal_surface ...........................................:     36
! SUMMARY-  uncertainty_measure_with_unit ..............................:     28
! SUMMARY-  vector .....................................................:   2270
! SUMMARY-  vertex_point ...............................................:   2868
! SUMMARY-                                                               -------
! SUMMARY-  Total                                                         138434
! STATUS-    
! STATUS-   Converting to Output Form (Phase 2 of 3): 16-JUN-2026 4:22:12 PM
! STATUS-    
! STATUS-    
! STATUS-   Generating UG geometry and placing them in parts
! STATUS-    
! STATUS-   Creating the UG part (Phase 3 of 3): 16-JUN-2026  4:22:31 PM
! INFO-     Filing Part ..: C:\Users\yevhe\Desktop\TestMethod\test\PRT0044
! SUMMARY-   
! SUMMARY-  Summary of Unigraphics Part Entities
! SUMMARY-   
! SUMMARY-  Entities Processed             Count
! SUMMARY-  ------------------             -----
! SUMMARY-  Solid/Sheet .................:     2
! SUMMARY-                                 -----
! SUMMARY-  Total                              2
! STATUS-   Creating the UG part (Phase 3 of 3): 16-JUN-2026  4:22:32 PM
! INFO-     Filing Part ..: C:\Users\yevhe\Desktop\TestMethod\test\12-016-4
! SUMMARY-   
! SUMMARY-  Summary of Unigraphics Part Entities
! SUMMARY-   
! SUMMARY-  Entities Processed             Count
! SUMMARY-  ------------------             -----
! SUMMARY-  Solid/Sheet .................:     2
! SUMMARY-                                 -----
! SUMMARY-  Total                              2
! STATUS-   Creating the UG part (Phase 3 of 3): 16-JUN-2026  4:22:32 PM
! INFO-     Filing Part ..: C:\Users\yevhe\Desktop\TestMethod\test\16-42-918-120
! SUMMARY-   
! SUMMARY-  Summary of Unigraphics Part Entities
! SUMMARY-   
! SUMMARY-  Entities Processed             Count
! SUMMARY-  ------------------             -----
! SUMMARY-  Solid/Sheet .................:     1
! SUMMARY-                                 -----
! SUMMARY-  Total                              1
! STATUS-   Creating the UG part (Phase 3 of 3): 16-JUN-2026  4:22:32 PM
! INFO-     Filing Part ..: C:\Users\yevhe\Desktop\TestMethod\test\03-42-917-0635-1270-120
! SUMMARY-   
! SUMMARY-  Summary of Unigraphics Part Entities
! SUMMARY-   
! SUMMARY-  Entities Processed             Count
! SUMMARY-  ------------------             -----
! SUMMARY-  Solid/Sheet .................:     2
! SUMMARY-                                 -----
! SUMMARY-  Total                              2
! STATUS-   Creating the UG part (Phase 3 of 3): 16-JUN-2026  4:22:34 PM
! INFO-     Filing Part ..: C:\Users\yevhe\Desktop\TestMethod\test\15-35-003
! SUMMARY-   
! SUMMARY-  Summary of Unigraphics Part Entities
! SUMMARY-   
! SUMMARY-  Entities Processed             Count
! SUMMARY-  ------------------             -----
! SUMMARY-  Solid/Sheet .................:     1
! SUMMARY-                                 -----
! SUMMARY-  Total                              1
! STATUS-   Creating the UG part (Phase 3 of 3): 16-JUN-2026  4:22:34 PM
! INFO-     Filing Part ..: C:\Users\yevhe\Desktop\TestMethod\test\02-35-034
! SUMMARY-   
! SUMMARY-  Summary of Unigraphics Part Entities
! SUMMARY-   
! SUMMARY-  Entities Processed             Count
! SUMMARY-  ------------------             -----
! SUMMARY-  Solid/Sheet .................:     1
! SUMMARY-                                 -----
! SUMMARY-  Total                              1
! STATUS-   Creating the UG part (Phase 3 of 3): 16-JUN-2026  4:22:34 PM
! INFO-     Filing Part ..: C:\Users\yevhe\Desktop\TestMethod\test\02-35-033
! SUMMARY-   
! SUMMARY-  Summary of Unigraphics Part Entities
! SUMMARY-   
! SUMMARY-  Entities Processed             Count
! SUMMARY-  ------------------             -----
! SUMMARY-  Solid/Sheet .................:     1
! SUMMARY-                                 -----
! SUMMARY-  Total                              1
! STATUS-   Creating the UG part (Phase 3 of 3): 16-JUN-2026  4:22:34 PM
! INFO-     Filing Part ..: C:\Users\yevhe\Desktop\TestMethod\test\02-35-035
! SUMMARY-   
! SUMMARY-  Summary of Unigraphics Part Entities
! SUMMARY-   
! SUMMARY-  Entities Processed             Count
! SUMMARY-  ------------------             -----
! SUMMARY-  Solid/Sheet .................:     1
! SUMMARY-                                 -----
! SUMMARY-  Total                              1
! STATUS-   Creating the UG part (Phase 3 of 3): 16-JUN-2026  4:22:34 PM
! INFO-     Filing Part ..: C:\Users\yevhe\Desktop\TestMethod\test\02-35-032
! SUMMARY-   
! SUMMARY-  Summary of Unigraphics Part Entities
! SUMMARY-   
! SUMMARY-  Entities Processed             Count
! SUMMARY-  ------------------             -----
! SUMMARY-  Solid/Sheet .................:     1
! SUMMARY-                                 -----
! SUMMARY-  Total                              1
! STATUS-   Creating the UG part (Phase 3 of 3): 16-JUN-2026  4:22:35 PM
! INFO-     Filing Part ..: C:\Users\yevhe\Desktop\TestMethod\test\12-004-12
! SUMMARY-   
! SUMMARY-  Summary of Unigraphics Part Entities
! SUMMARY-   
! SUMMARY-  Entities Processed             Count
! SUMMARY-  ------------------             -----
! SUMMARY-  Solid/Sheet .................:     2
! SUMMARY-                                 -----
! SUMMARY-  Total                              2
! STATUS-   Creating the UG part (Phase 3 of 3): 16-JUN-2026  4:22:35 PM
! INFO-     Filing Part ..: C:\Users\yevhe\Desktop\TestMethod\test\16-42-916
! SUMMARY-   
! SUMMARY-  Summary of Unigraphics Part Entities
! SUMMARY-   
! SUMMARY-  Entities Processed             Count
! SUMMARY-  ------------------             -----
! SUMMARY-  Solid/Sheet .................:     1
! SUMMARY-                                 -----
! SUMMARY-  Total                              1
! STATUS-   Creating the UG part (Phase 3 of 3): 16-JUN-2026  4:22:35 PM
! INFO-     Filing Part ..: C:\Users\yevhe\Desktop\TestMethod\test\21-42-902
! SUMMARY-   
! SUMMARY-  Summary of Unigraphics Part Entities
! SUMMARY-   
! SUMMARY-  Entities Processed             Count
! SUMMARY-  ------------------             -----
! SUMMARY-  Solid/Sheet .................:     1
! SUMMARY-                                 -----
! SUMMARY-  Total                              1
! STATUS-   Creating the UG part (Phase 3 of 3): 16-JUN-2026  4:22:35 PM
! INFO-     Filing Part ..: C:\Users\yevhe\Desktop\TestMethod\test\12-42-004
! SUMMARY-   
! SUMMARY-  Summary of Unigraphics Part Entities
! SUMMARY-   
! SUMMARY-  Entities Processed             Count
! SUMMARY-  ------------------             -----
! SUMMARY-  Solid/Sheet .................:     2
! SUMMARY-                                 -----
! SUMMARY-  Total                              2
! STATUS-   Creating the UG part (Phase 3 of 3): 16-JUN-2026  4:22:35 PM
! INFO-     Filing Part ..: C:\Users\yevhe\Desktop\TestMethod\test\11-006-3
! SUMMARY-   
! SUMMARY-  Summary of Unigraphics Part Entities
! SUMMARY-   
! SUMMARY-  Entities Processed             Count
! SUMMARY-  ------------------             -----
! SUMMARY-  Solid/Sheet .................:     1
! SUMMARY-                                 -----
! SUMMARY-  Total                              1
! STATUS-   Creating the UG part (Phase 3 of 3): 16-JUN-2026  4:22:35 PM
! INFO-     Filing Part ..: C:\Users\yevhe\Desktop\TestMethod\test\12-015-2
! SUMMARY-   
! SUMMARY-  Summary of Unigraphics Part Entities
! SUMMARY-   
! SUMMARY-  Entities Processed             Count
! SUMMARY-  ------------------             -----
! SUMMARY-  Solid/Sheet .................:     2
! SUMMARY-                                 -----
! SUMMARY-  Total                              2
! STATUS-   Creating the UG part (Phase 3 of 3): 16-JUN-2026  4:22:35 PM
! INFO-     Filing Part ..: C:\Users\yevhe\Desktop\TestMethod\test\12-005-15
! SUMMARY-   
! SUMMARY-  Summary of Unigraphics Part Entities
! SUMMARY-   
! SUMMARY-  Entities Processed             Count
! SUMMARY-  ------------------             -----
! SUMMARY-  Solid/Sheet .................:     2
! SUMMARY-                                 -----
! SUMMARY-  Total                              2
! STATUS-   Creating the UG part (Phase 3 of 3): 16-JUN-2026  4:22:35 PM
! INFO-     Filing Part ..: C:\Users\yevhe\Desktop\TestMethod\test\12-005-19
! SUMMARY-   
! SUMMARY-  Summary of Unigraphics Part Entities
! SUMMARY-   
! SUMMARY-  Entities Processed             Count
! SUMMARY-  ------------------             -----
! SUMMARY-  Solid/Sheet .................:     2
! SUMMARY-                                 -----
! SUMMARY-  Total                              2
! STATUS-   Creating the UG part (Phase 3 of 3): 16-JUN-2026  4:22:35 PM
! INFO-     Filing Part ..: C:\Users\yevhe\Desktop\TestMethod\test\12-016-3
! SUMMARY-   
! SUMMARY-  Summary of Unigraphics Part Entities
! SUMMARY-   
! SUMMARY-  Entities Processed             Count
! SUMMARY-  ------------------             -----
! SUMMARY-  Solid/Sheet .................:     2
! SUMMARY-                                 -----
! SUMMARY-  Total                              2
! STATUS-   Creating the UG part (Phase 3 of 3): 16-JUN-2026  4:22:35 PM
! INFO-     Filing Part ..: C:\Users\yevhe\Desktop\TestMethod\test\11-003-6
! SUMMARY-   
! SUMMARY-  Summary of Unigraphics Part Entities
! SUMMARY-   
! SUMMARY-  Entities Processed             Count
! SUMMARY-  ------------------             -----
! SUMMARY-  Solid/Sheet .................:     1
! SUMMARY-                                 -----
! SUMMARY-  Total                              1
! STATUS-   Creating the UG part (Phase 3 of 3): 16-JUN-2026  4:22:35 PM
! INFO-     Filing Part ..: C:\Users\yevhe\Desktop\TestMethod\test\09-28-002-0
! SUMMARY-   
! SUMMARY-  Summary of Unigraphics Part Entities
! SUMMARY-   
! SUMMARY-  Entities Processed             Count
! SUMMARY-  ------------------             -----
! SUMMARY-  Solid/Sheet .................:    10
! SUMMARY-                                 -----
! SUMMARY-  Total                             10
! STATUS-   Creating the UG part (Phase 3 of 3): 16-JUN-2026  4:22:36 PM
! INFO-     Filing Part ..: C:\Users\yevhe\Desktop\TestMethod\test\16-42-917
! SUMMARY-   
! SUMMARY-  Summary of Unigraphics Part Entities
! SUMMARY-   
! SUMMARY-  Entities Processed             Count
! SUMMARY-  ------------------             -----
! SUMMARY-  Solid/Sheet .................:    12
! SUMMARY-                                 -----
! SUMMARY-  Total                             12
! STATUS-   Creating the UG part (Phase 3 of 3): 16-JUN-2026  4:22:36 PM
! INFO-     Filing Part ..: C:\Users\yevhe\Desktop\TestMethod\test\16-42-915
! SUMMARY-   
! SUMMARY-  Summary of Unigraphics Part Entities
! SUMMARY-   
! SUMMARY-  Entities Processed             Count
! SUMMARY-  ------------------             -----
! SUMMARY-  Solid/Sheet .................:     4
! SUMMARY-                                 -----
! SUMMARY-  Total                              4
! STATUS-   Creating the UG part (Phase 3 of 3): 16-JUN-2026  4:22:36 PM
! INFO-     Filing Part ..: C:\Users\yevhe\Desktop\TestMethod\test\28-42-903
! SUMMARY-   
! SUMMARY-  Summary of Unigraphics Part Entities
! SUMMARY-   
! SUMMARY-  Entities Processed             Count
! SUMMARY-  ------------------             -----
! SUMMARY-  Solid/Sheet .................:     5
! SUMMARY-                                 -----
! SUMMARY-  Total                              5
! STATUS-   Creating the UG part (Phase 3 of 3): 16-JUN-2026  4:22:36 PM
! INFO-     Filing Part ..: C:\Users\yevhe\Desktop\TestMethod\test\28-42-915-120
! SUMMARY-   
! SUMMARY-  Summary of Unigraphics Part Entities
! SUMMARY-   
! SUMMARY-  Entities Processed             Count
! SUMMARY-  ------------------             -----
! SUMMARY-  Solid/Sheet .................:     6
! SUMMARY-                                 -----
! SUMMARY-  Total                              6
! STATUS-   Creating the UG part (Phase 3 of 3): 16-JUN-2026  4:22:36 PM
! INFO-     Filing Part ..: C:\Users\yevhe\Desktop\TestMethod\test\16-42-913
! SUMMARY-   
! SUMMARY-  Summary of Unigraphics Part Entities
! SUMMARY-   
! SUMMARY-  Entities Processed             Count
! SUMMARY-  ------------------             -----
! SUMMARY-  Solid/Sheet .................:     6
! SUMMARY-                                 -----
! SUMMARY-  Total                              6
! STATUS-   Creating the UG part (Phase 3 of 3): 16-JUN-2026  4:22:36 PM
! INFO-     Filing Part ..: C:\Users\yevhe\Desktop\TestMethod\test\02-35-036_ASM
! SUMMARY-   
! SUMMARY-  Summary of Unigraphics Part Entities
! SUMMARY-   
! SUMMARY-  Entities Processed             Count
! SUMMARY-  ------------------             -----
! SUMMARY-  Component ...................:     5
! SUMMARY-                                 -----
! SUMMARY-  Total                              5
! STATUS-   Creating the UG part (Phase 3 of 3): 16-JUN-2026  4:22:36 PM
! INFO-     Filing Part ..: C:\Users\yevhe\Desktop\TestMethod\test\28-42-914-120_ASM
! SUMMARY-   
! SUMMARY-  Summary of Unigraphics Part Entities
! SUMMARY-   
! SUMMARY-  Entities Processed             Count
! SUMMARY-  ------------------             -----
! SUMMARY-  Component ...................:     2
! SUMMARY-                                 -----
! SUMMARY-  Total                              2
! STATUS-   Creating the UG part (Phase 3 of 3): 16-JUN-2026  4:22:36 PM
! INFO-     Filing Part ..: C:\Users\yevhe\Desktop\TestMethod\test\LMD17S13WF15-120.prt
! SUMMARY-   
! SUMMARY-  Summary of Unigraphics Part Entities
! SUMMARY-   
! SUMMARY-  Entities Processed             Count
! SUMMARY-  ------------------             -----
! SUMMARY-  Component ...................:    42
! SUMMARY-                                 -----
! SUMMARY-  Total                             42
! INFO-      
! INFO-     Total number of solids input for this translation       :        34
! INFO-      
! INFO-     Number of solids created without body validation faults :        34
! INFO-      
! INFO-     Number of solids created with body validation fault(s)  :         0
! INFO-      
! INFO-     Number of solids ending up as sheet bodies              :         0
! INFO-      
! INFO-     End of Translation: 16-JUN-2026  4:22:37 PM
! INFO-      
STEP to UG
! INFO-     NX STEP AP214 - V2506.3001
! INFO-      
! INFO-     Start of Translation: 16-JUN-2026  4:22:49 PM
! INFO-      
! STATUS-   Converting Part: C:\Users\yevhe\Desktop\TestMethod\test\LMD17S13WF15-120.stp
! SUMMARY-   
! SUMMARY-    STEP Header Information
! SUMMARY-   
! SUMMARY-  Description      Unknown
! SUMMARY-  Imp_Level        2;1
! SUMMARY-  File_Name        PDM42E234-12_7-1_5-120-001_ASM
! SUMMARY-  Date             2023-11-24T09:31:29
! SUMMARY-  Author           Administrator
! SUMMARY-  Organization     Unknown
! SUMMARY-  Pre_Version      CREO PARAMETRIC BY PTC INC, 2018100
! SUMMARY-  Orig_System      CREO PARAMETRIC BY PTC INC, 2018100
! SUMMARY-  Authorization    Unknown
! SUMMARY-  Schema_ID        config_control_design
! SUMMARY-   
! SUMMARY-    Summary of STEP Entities
! SUMMARY-   
! SUMMARY-  Entity Type                                                   Count
! SUMMARY-  -----------                                                   ------
! SUMMARY-  advanced_brep_shape_representation .........................:     11
! SUMMARY-  advanced_face ..............................................:   1736
! SUMMARY-  application_context ........................................:      1
! SUMMARY-  approval ...................................................:      1
! SUMMARY-  approval_status ............................................:      1
! SUMMARY-  axis2_placement_3d .........................................:   3154
! SUMMARY-  b_spline_curve_with_knots ..................................:    735
! SUMMARY-  b_spline_surface_with_knots ................................:    109
! SUMMARY-  b_spline_surface_with_knots_and_rational_b_spline_surface ..:      4
! SUMMARY-  brep_with_voids ............................................:      1
! SUMMARY-  calendar_date ..............................................:      1
! SUMMARY-  cartesian_point ............................................:  95810
! SUMMARY-  circle .....................................................:   1419
! SUMMARY-  closed_shell ...............................................:     36
! SUMMARY-  conical_surface ............................................:    129
! SUMMARY-  context_dependent_shape_representation .....................:     49
! SUMMARY-  conversion_based_unit_and_plane_angle_unit .................:     28
! SUMMARY-  coordinated_universal_time_offset ..........................:      1
! SUMMARY-  cylindrical_surface ........................................:    774
! SUMMARY-  date_and_time ..............................................:      1
! SUMMARY-  direction ..................................................:   8578
! SUMMARY-  edge_curve .................................................:   4424
! SUMMARY-  edge_loop ..................................................:   1988
! SUMMARY-  face_bound .................................................:    252
! SUMMARY-  face_outer_bound ...........................................:   1736
! SUMMARY-  geometric_representation_context_and_global_uncertainty_a ..:     28
! SUMMARY-  item_defined_transformation ................................:     49
! SUMMARY-  length_unit_and_si_unit ....................................:     28
! SUMMARY-  line .......................................................:   2270
! SUMMARY-  local_time .................................................:      1
! SUMMARY-  manifold_solid_brep ........................................:     33
! SUMMARY-  next_assembly_usage_occurrence .............................:     49
! SUMMARY-  open_shell .................................................:     37
! SUMMARY-  organization ...............................................:      1
! SUMMARY-  oriented_closed_shell ......................................:      2
! SUMMARY-  oriented_edge ..............................................:   8698
! SUMMARY-  person .....................................................:      1
! SUMMARY-  person_and_organization ....................................:      1
! SUMMARY-  plane ......................................................:    660
! SUMMARY-  plane_angle_measure_with_unit ..............................:     28
! SUMMARY-  plane_angle_unit_and_si_unit ...............................:     28
! SUMMARY-  product ....................................................:     28
! SUMMARY-  product_category ...........................................:      2
! SUMMARY-  product_context ............................................:     28
! SUMMARY-  product_definition .........................................:     28
! SUMMARY-  product_definition_context .................................:     14
! SUMMARY-  product_definition_formation_with_specified_source .........:     28
! SUMMARY-  product_definition_shape ...................................:     77
! SUMMARY-  product_related_product_category ...........................:      2
! SUMMARY-  representation_relationship_with_transformation_and_shape ..:     49
! SUMMARY-  shape_representation .......................................:     17
! SUMMARY-  shell_based_surface_model ..................................:     14
! SUMMARY-  si_unit_and_solid_angle_unit ...............................:     28
! SUMMARY-  spherical_surface ..........................................:     24
! SUMMARY-  toroidal_surface ...........................................:     36
! SUMMARY-  uncertainty_measure_with_unit ..............................:     28
! SUMMARY-  vector .....................................................:   2270
! SUMMARY-  vertex_point ...............................................:   2868
! SUMMARY-                                                               -------
! SUMMARY-  Total                                                         138434
! STATUS-    
! STATUS-   Converting to Output Form (Phase 2 of 3): 16-JUN-2026 4:22:49 PM
! STATUS-    
! STATUS-    
! STATUS-   Generating UG geometry and placing them in parts
! STATUS-    
! STATUS-   Creating the UG part (Phase 3 of 3): 16-JUN-2026  4:23:22 PM
! INFO-     Filing Part ..: C:\Users\yevhe\Desktop\TestMethod\test\PRT0044138532
! SUMMARY-   
! SUMMARY-  Summary of Unigraphics Part Entities
! SUMMARY-   
! SUMMARY-  Entities Processed             Count
! SUMMARY-  ------------------             -----
! SUMMARY-  Solid/Sheet .................:     2
! SUMMARY-                                 -----
! SUMMARY-  Total                              2
! STATUS-   Creating the UG part (Phase 3 of 3): 16-JUN-2026  4:23:22 PM
! INFO-     Filing Part ..: C:\Users\yevhe\Desktop\TestMethod\test\12-016-4134442
! SUMMARY-   
! SUMMARY-  Summary of Unigraphics Part Entities
! SUMMARY-   
! SUMMARY-  Entities Processed             Count
! SUMMARY-  ------------------             -----
! SUMMARY-  Solid/Sheet .................:     2
! SUMMARY-                                 -----
! SUMMARY-  Total                              2
! STATUS-   Creating the UG part (Phase 3 of 3): 16-JUN-2026  4:23:22 PM
! INFO-     Filing Part ..: C:\Users\yevhe\Desktop\TestMethod\test\16-42-918-120133389
! SUMMARY-   
! SUMMARY-  Summary of Unigraphics Part Entities
! SUMMARY-   
! SUMMARY-  Entities Processed             Count
! SUMMARY-  ------------------             -----
! SUMMARY-  Solid/Sheet .................:     1
! SUMMARY-                                 -----
! SUMMARY-  Total                              1
! STATUS-   Creating the UG part (Phase 3 of 3): 16-JUN-2026  4:23:22 PM
! INFO-     Filing Part ..: C:\Users\yevhe\Desktop\TestMethod\test\03-42-917-0635-1270-120130282
! SUMMARY-   
! SUMMARY-  Summary of Unigraphics Part Entities
! SUMMARY-   
! SUMMARY-  Entities Processed             Count
! SUMMARY-  ------------------             -----
! SUMMARY-  Solid/Sheet .................:     2
! SUMMARY-                                 -----
! SUMMARY-  Total                              2
! STATUS-   Creating the UG part (Phase 3 of 3): 16-JUN-2026  4:23:23 PM
! INFO-     Filing Part ..: C:\Users\yevhe\Desktop\TestMethod\test\15-35-00354010
! SUMMARY-   
! SUMMARY-  Summary of Unigraphics Part Entities
! SUMMARY-   
! SUMMARY-  Entities Processed             Count
! SUMMARY-  ------------------             -----
! SUMMARY-  Solid/Sheet .................:     1
! SUMMARY-                                 -----
! SUMMARY-  Total                              1
! STATUS-   Creating the UG part (Phase 3 of 3): 16-JUN-2026  4:23:24 PM
! INFO-     Filing Part ..: C:\Users\yevhe\Desktop\TestMethod\test\02-35-03448072
! SUMMARY-   
! SUMMARY-  Summary of Unigraphics Part Entities
! SUMMARY-   
! SUMMARY-  Entities Processed             Count
! SUMMARY-  ------------------             -----
! SUMMARY-  Solid/Sheet .................:     1
! SUMMARY-                                 -----
! SUMMARY-  Total                              1
! STATUS-   Creating the UG part (Phase 3 of 3): 16-JUN-2026  4:23:24 PM
! INFO-     Filing Part ..: C:\Users\yevhe\Desktop\TestMethod\test\02-35-03345680
! SUMMARY-   
! SUMMARY-  Summary of Unigraphics Part Entities
! SUMMARY-   
! SUMMARY-  Entities Processed             Count
! SUMMARY-  ------------------             -----
! SUMMARY-  Solid/Sheet .................:     1
! SUMMARY-                                 -----
! SUMMARY-  Total                              1
! STATUS-   Creating the UG part (Phase 3 of 3): 16-JUN-2026  4:23:24 PM
! INFO-     Filing Part ..: C:\Users\yevhe\Desktop\TestMethod\test\02-35-03540021
! SUMMARY-   
! SUMMARY-  Summary of Unigraphics Part Entities
! SUMMARY-   
! SUMMARY-  Entities Processed             Count
! SUMMARY-  ------------------             -----
! SUMMARY-  Solid/Sheet .................:     1
! SUMMARY-                                 -----
! SUMMARY-  Total                              1
! STATUS-   Creating the UG part (Phase 3 of 3): 16-JUN-2026  4:23:24 PM
! INFO-     Filing Part ..: C:\Users\yevhe\Desktop\TestMethod\test\02-35-03238255
! SUMMARY-   
! SUMMARY-  Summary of Unigraphics Part Entities
! SUMMARY-   
! SUMMARY-  Entities Processed             Count
! SUMMARY-  ------------------             -----
! SUMMARY-  Solid/Sheet .................:     1
! SUMMARY-                                 -----
! SUMMARY-  Total                              1
! STATUS-   Creating the UG part (Phase 3 of 3): 16-JUN-2026  4:23:25 PM
! INFO-     Filing Part ..: C:\Users\yevhe\Desktop\TestMethod\test\12-004-1227407
! SUMMARY-   
! SUMMARY-  Summary of Unigraphics Part Entities
! SUMMARY-   
! SUMMARY-  Entities Processed             Count
! SUMMARY-  ------------------             -----
! SUMMARY-  Solid/Sheet .................:     2
! SUMMARY-                                 -----
! SUMMARY-  Total                              2
! STATUS-   Creating the UG part (Phase 3 of 3): 16-JUN-2026  4:23:25 PM
! INFO-     Filing Part ..: C:\Users\yevhe\Desktop\TestMethod\test\16-42-91626418
! SUMMARY-   
! SUMMARY-  Summary of Unigraphics Part Entities
! SUMMARY-   
! SUMMARY-  Entities Processed             Count
! SUMMARY-  ------------------             -----
! SUMMARY-  Solid/Sheet .................:     1
! SUMMARY-                                 -----
! SUMMARY-  Total                              1
! STATUS-   Creating the UG part (Phase 3 of 3): 16-JUN-2026  4:23:25 PM
! INFO-     Filing Part ..: C:\Users\yevhe\Desktop\TestMethod\test\21-42-90225721
! SUMMARY-   
! SUMMARY-  Summary of Unigraphics Part Entities
! SUMMARY-   
! SUMMARY-  Entities Processed             Count
! SUMMARY-  ------------------             -----
! SUMMARY-  Solid/Sheet .................:     1
! SUMMARY-                                 -----
! SUMMARY-  Total                              1
! STATUS-   Creating the UG part (Phase 3 of 3): 16-JUN-2026  4:23:25 PM
! INFO-     Filing Part ..: C:\Users\yevhe\Desktop\TestMethod\test\12-42-00423088
! SUMMARY-   
! SUMMARY-  Summary of Unigraphics Part Entities
! SUMMARY-   
! SUMMARY-  Entities Processed             Count
! SUMMARY-  ------------------             -----
! SUMMARY-  Solid/Sheet .................:     2
! SUMMARY-                                 -----
! SUMMARY-  Total                              2
! STATUS-   Creating the UG part (Phase 3 of 3): 16-JUN-2026  4:23:25 PM
! INFO-     Filing Part ..: C:\Users\yevhe\Desktop\TestMethod\test\11-006-322278
! SUMMARY-   
! SUMMARY-  Summary of Unigraphics Part Entities
! SUMMARY-   
! SUMMARY-  Entities Processed             Count
! SUMMARY-  ------------------             -----
! SUMMARY-  Solid/Sheet .................:     1
! SUMMARY-                                 -----
! SUMMARY-  Total                              1
! STATUS-   Creating the UG part (Phase 3 of 3): 16-JUN-2026  4:23:25 PM
! INFO-     Filing Part ..: C:\Users\yevhe\Desktop\TestMethod\test\12-015-222067
! SUMMARY-   
! SUMMARY-  Summary of Unigraphics Part Entities
! SUMMARY-   
! SUMMARY-  Entities Processed             Count
! SUMMARY-  ------------------             -----
! SUMMARY-  Solid/Sheet .................:     2
! SUMMARY-                                 -----
! SUMMARY-  Total                              2
! STATUS-   Creating the UG part (Phase 3 of 3): 16-JUN-2026  4:23:25 PM
! INFO-     Filing Part ..: C:\Users\yevhe\Desktop\TestMethod\test\12-005-1520991
! SUMMARY-   
! SUMMARY-  Summary of Unigraphics Part Entities
! SUMMARY-   
! SUMMARY-  Entities Processed             Count
! SUMMARY-  ------------------             -----
! SUMMARY-  Solid/Sheet .................:     2
! SUMMARY-                                 -----
! SUMMARY-  Total                              2
! STATUS-   Creating the UG part (Phase 3 of 3): 16-JUN-2026  4:23:25 PM
! INFO-     Filing Part ..: C:\Users\yevhe\Desktop\TestMethod\test\12-005-1919973
! SUMMARY-   
! SUMMARY-  Summary of Unigraphics Part Entities
! SUMMARY-   
! SUMMARY-  Entities Processed             Count
! SUMMARY-  ------------------             -----
! SUMMARY-  Solid/Sheet .................:     2
! SUMMARY-                                 -----
! SUMMARY-  Total                              2
! STATUS-   Creating the UG part (Phase 3 of 3): 16-JUN-2026  4:23:25 PM
! INFO-     Filing Part ..: C:\Users\yevhe\Desktop\TestMethod\test\12-016-318972
! SUMMARY-   
! SUMMARY-  Summary of Unigraphics Part Entities
! SUMMARY-   
! SUMMARY-  Entities Processed             Count
! SUMMARY-  ------------------             -----
! SUMMARY-  Solid/Sheet .................:     2
! SUMMARY-                                 -----
! SUMMARY-  Total                              2
! STATUS-   Creating the UG part (Phase 3 of 3): 16-JUN-2026  4:23:25 PM
! INFO-     Filing Part ..: C:\Users\yevhe\Desktop\TestMethod\test\11-003-617920
! SUMMARY-   
! SUMMARY-  Summary of Unigraphics Part Entities
! SUMMARY-   
! SUMMARY-  Entities Processed             Count
! SUMMARY-  ------------------             -----
! SUMMARY-  Solid/Sheet .................:     1
! SUMMARY-                                 -----
! SUMMARY-  Total                              1
! STATUS-   Creating the UG part (Phase 3 of 3): 16-JUN-2026  4:23:25 PM
! INFO-     Filing Part ..: C:\Users\yevhe\Desktop\TestMethod\test\09-28-002-017255
! SUMMARY-   
! SUMMARY-  Summary of Unigraphics Part Entities
! SUMMARY-   
! SUMMARY-  Entities Processed             Count
! SUMMARY-  ------------------             -----
! SUMMARY-  Solid/Sheet .................:    10
! SUMMARY-                                 -----
! SUMMARY-  Total                             10
! STATUS-   Creating the UG part (Phase 3 of 3): 16-JUN-2026  4:23:25 PM
! INFO-     Filing Part ..: C:\Users\yevhe\Desktop\TestMethod\test\16-42-91715977
! SUMMARY-   
! SUMMARY-  Summary of Unigraphics Part Entities
! SUMMARY-   
! SUMMARY-  Entities Processed             Count
! SUMMARY-  ------------------             -----
! SUMMARY-  Solid/Sheet .................:    12
! SUMMARY-                                 -----
! SUMMARY-  Total                             12
! STATUS-   Creating the UG part (Phase 3 of 3): 16-JUN-2026  4:23:26 PM
! INFO-     Filing Part ..: C:\Users\yevhe\Desktop\TestMethod\test\16-42-91511993
! SUMMARY-   
! SUMMARY-  Summary of Unigraphics Part Entities
! SUMMARY-   
! SUMMARY-  Entities Processed             Count
! SUMMARY-  ------------------             -----
! SUMMARY-  Solid/Sheet .................:     4
! SUMMARY-                                 -----
! SUMMARY-  Total                              4
! STATUS-   Creating the UG part (Phase 3 of 3): 16-JUN-2026  4:23:26 PM
! INFO-     Filing Part ..: C:\Users\yevhe\Desktop\TestMethod\test\28-42-90310382
! SUMMARY-   
! SUMMARY-  Summary of Unigraphics Part Entities
! SUMMARY-   
! SUMMARY-  Entities Processed             Count
! SUMMARY-  ------------------             -----
! SUMMARY-  Solid/Sheet .................:     5
! SUMMARY-                                 -----
! SUMMARY-  Total                              5
! STATUS-   Creating the UG part (Phase 3 of 3): 16-JUN-2026  4:23:26 PM
! INFO-     Filing Part ..: C:\Users\yevhe\Desktop\TestMethod\test\28-42-915-1204418
! SUMMARY-   
! SUMMARY-  Summary of Unigraphics Part Entities
! SUMMARY-   
! SUMMARY-  Entities Processed             Count
! SUMMARY-  ------------------             -----
! SUMMARY-  Solid/Sheet .................:     6
! SUMMARY-                                 -----
! SUMMARY-  Total                              6
! STATUS-   Creating the UG part (Phase 3 of 3): 16-JUN-2026  4:23:26 PM
! INFO-     Filing Part ..: C:\Users\yevhe\Desktop\TestMethod\test\16-42-9132390
! SUMMARY-   
! SUMMARY-  Summary of Unigraphics Part Entities
! SUMMARY-   
! SUMMARY-  Entities Processed             Count
! SUMMARY-  ------------------             -----
! SUMMARY-  Solid/Sheet .................:     6
! SUMMARY-                                 -----
! SUMMARY-  Total                              6
! STATUS-   Creating the UG part (Phase 3 of 3): 16-JUN-2026  4:23:26 PM
! INFO-     Filing Part ..: C:\Users\yevhe\Desktop\TestMethod\test\02-35-036_ASM38264
! SUMMARY-   
! SUMMARY-  Summary of Unigraphics Part Entities
! SUMMARY-   
! SUMMARY-  Entities Processed             Count
! SUMMARY-  ------------------             -----
! SUMMARY-  Component ...................:     5
! SUMMARY-                                 -----
! SUMMARY-  Total                              5
! STATUS-   Creating the UG part (Phase 3 of 3): 16-JUN-2026  4:23:26 PM
! INFO-     Filing Part ..: C:\Users\yevhe\Desktop\TestMethod\test\28-42-914-120_ASM4429
! SUMMARY-   
! SUMMARY-  Summary of Unigraphics Part Entities
! SUMMARY-   
! SUMMARY-  Entities Processed             Count
! SUMMARY-  ------------------             -----
! SUMMARY-  Component ...................:     2
! SUMMARY-                                 -----
! SUMMARY-  Total                              2
! STATUS-   Creating the UG part (Phase 3 of 3): 16-JUN-2026  4:23:26 PM
! INFO-     Filing Part ..: C:\Users\yevhe\Desktop\TestMethod\test\PDM42E234-12_7-1_5-120-001_ASM.prt
! SUMMARY-   
! SUMMARY-  Summary of Unigraphics Part Entities
! SUMMARY-   
! SUMMARY-  Entities Processed             Count
! SUMMARY-  ------------------             -----
! SUMMARY-  Component ...................:    42
! SUMMARY-                                 -----
! SUMMARY-  Total                             42
! INFO-      
! INFO-     Total number of solids input for this translation       :        34
! INFO-      
! INFO-     Number of solids created without body validation faults :        34
! INFO-      
! INFO-     Number of solids created with body validation fault(s)  :         0
! INFO-      
! INFO-     Number of solids ending up as sheet bodies              :         0
! INFO-      
! INFO-     End of Translation: 16-JUN-2026  4:23:27 PM
! INFO-      
